<?xml version="1.0" encoding="UTF-8"?>
<!-- Generated by org.testng.reporters.JUnitReportReporter -->
<testsuite hostname="Atyam" failures="0" tests="1" name="vegetables.ExportnLeastCosts" time="50.571" errors="0" timestamp="18 Apr 2019 11:30:13 GMT" skipped="0">
  <testcase classname="vegetables.ExportnLeastCosts" name="ExportAllVegetables" time="50.571"/>
</testsuite> <!-- vegetables.ExportnLeastCosts -->
